   484
1_0
     1      1.78543786      1.73697572
     2      9.17387692      8.80844354
     3     11.79967534      9.55933060
     4      5.99118225      5.64483867
     5     10.83039782      8.43310695
     6      8.91325156      8.57750261
     7      2.19014293      2.16142411
     8     10.09420563      9.11752071
     9     11.20348732      9.56923355
    10      6.29344305      5.98289616
    11     12.75488539     10.69527174
    12     12.02632116      9.70156046
    13      8.11195673      7.57169315
    14     12.27022521      9.50957323
    15      7.21814916      6.66916454
    16     12.76637276     10.71603940
    17     10.56306828      7.97768584
    18     11.60175878     10.08742095
    19      9.25951165      8.58645826
    20     10.25989701      9.38324596
    21     10.69094351      9.54315774
    22     11.04917655      9.45502243
    23     10.63150783      8.99639938
    24      8.19122512      7.59078299
    25      8.05012602      7.52531447
    26      8.42419523      7.84960019
    27     14.62560864     11.98409829
    28      7.79443324      7.27384296
    29      8.23042627      7.67307099
    30     11.34428952     10.16383684
    31      7.99071554      7.43065208
    32      9.30638887      8.34877913
    33     12.42752978     10.40169292
    34     11.43877727      8.65470061
    35     13.88188512     10.65518108
    36     11.17142464      8.33509579
    37      9.49062293      8.92064616
    38      9.82697268      9.04655144
    39     10.98123745      9.25305679
    40     13.69615011     10.49480111
    41     11.35529505      8.60835553
    42      8.80961472      8.22688374
    43     14.16980803     11.74543753
    44     11.73353948      9.87736934
    45     10.50607276      8.29102899
    46      8.23521140      7.55801559
    47      6.04638828      5.72066776
    48      6.93746549      6.59406524
    49     11.03027950      8.57297051
    50      8.10299476      7.54159430
    51     12.93825192     10.74789865
    52     13.35948457     11.22386231
    53      6.32879783      6.01469592
    54      6.14693315      5.84474511
    55     13.24118378     10.02762593
    56      8.06637760      7.50579216
    57     16.98303967     15.36900162
    58     11.76739642      9.40596081
    59     10.93108209      8.56977903
    60      8.98040745      8.11284830
    61     12.07100530     10.40682035
    62      9.14815887      8.77838993
    63     16.35203809     13.73731016
    64     11.02292978      8.19152778
    65     14.81293589     13.58373580
    66      9.13144559      8.41216243
    67     11.38885123      8.86238601
    68     10.88337015     10.10733537
    69     15.60994220     13.12746919
    70      9.13417036      8.21957183
    71     14.32225876     11.82694906
    72     10.82509272      8.40071059
    73      7.46246141      7.06450776
    74     14.07207706     12.49066679
    75     14.65251890     12.74029981
    76     16.41036624     14.92176225
    77     11.62409468      9.83636320
    78     10.74561829      8.38225081
    79      9.13923815      8.76563637
    80      9.71361292      8.68155530
    81      8.29140566      7.70088554
    82     14.88363189     12.58583560
    83      9.75648584      8.94544578
    84     14.70499544     12.99050139
    85     12.24831228     10.36272464
    86     13.41232287     10.39261807
    87     11.02900238      9.99202155
    88     11.80586603     10.23760559
    89      9.33245871      8.96037301
    90     12.18404300     10.16628483
    91     10.94659189      8.29776284
    92      6.35412004      6.04544759
    93     11.29100715      9.20696796
    94     11.24266547      8.35703885
    95     13.66077132     11.27279432
    96      6.09821076      5.75828338
    97     11.03640142      8.18071753
    98     12.29939861     11.02538094
    99     11.15408043      8.50715670
   100     15.33640882     12.69491790
   101     10.83397012      8.15971525
   102     22.30539094     18.92168818
   103     12.35216549     10.25504821
   104      6.94993642      6.60409063
   105      9.05945325      8.44704306
   106      7.04933284      6.69150562
   107      6.02402575      5.68320425
   108     11.34426846      9.61236499
   109      5.96410096      5.63429139
   110     11.66927573     10.65713078
   111     11.30672052     10.01179288
   112      7.91045188      7.48561133
   113      8.62823057      7.77145372
   114      9.48933528      8.69139828
   115      7.45572965      7.07394174
   116     10.58897341      9.11789948
   117     13.05865026     10.95863343
   118      8.17671870      7.59752658
   119      7.80702916      7.38518090
   120      8.11898524      7.66979527
   121      7.76202968      7.21293903
   122      8.01488089      7.42226982
   123     10.93336284      8.46464741
   124      5.92028473      5.59741617
   125      9.77177454      9.36602451
   126      8.61688010      8.02482635
   127      7.41182510      7.00807408
   128     11.34085204      9.08477679
   129      8.60536970      8.03033280
   130      9.91525381      9.13442946
   131     10.38860340      9.22708323
   132     12.90466766     11.34658363
   133      8.26706854      7.67680878
   134     10.96088419      9.50545816
   135     11.44977292      9.92712442
   136     13.86625716     11.71629480
   137      6.24932784      5.93890732
   138      6.32304114      6.02102332
   139      5.61469319      5.33940861
   140      5.65796392      5.38309816
   141      9.49529059      9.12010098
   142      8.53110158      7.93540650
   143     15.17164399     13.68892637
   144     11.01801494      8.23849983
   145     10.75491035      9.73051389
   146     10.89372551      8.29567229
   147      9.46757589      9.05626564
   148     11.48627856     10.09577548
   149      9.50206135      9.11258973
   150      7.88483528      7.35345246
   151     14.73620618     12.06912596
   152      7.49721885      7.10539857
   153      9.64771742      9.25436251
   154      8.59279660      8.01243431
   155      8.41990895      7.77867996
   156      8.83379147      8.32622173
   157      8.55215519      7.96406921
   158     13.85321776     12.11339279
   159     10.86955663      9.46979008
   160     12.32081453     10.34413907
   161     10.26257069      9.01549547
   162     10.62813138      8.33077412
   163     14.16978038     12.18494059
   164      8.49195852      8.01992981
   165      7.73785082      7.21081326
   166     10.32984009      8.20497970
   167      8.37551904      7.73507031
   168     11.89724477     10.27838228
   169     11.27561379      9.22929029
   170      9.69165609      9.31032260
   171     13.28017856     11.06899556
   172     15.05289029     12.96200825
   173     17.21667817     14.83517376
   174     11.23503397      8.24485820
   175      9.24591925      8.85830870
   176     10.68031127      8.02943539
   177      8.48000232      7.92046232
   178      9.37042067      8.81247261
   179      8.72407842      7.98145822
   180      8.01744093      7.46672130
   181     11.09504844     10.03897204
   182      8.57032787      7.96135503
   183      2.30111465      2.24595200
   184     12.10608123     10.76684825
   185      6.97689087      6.63093929
   186      6.24902441      5.94194489
   187     10.80148865      9.28957338
   188      6.09612456      5.75673261
   189     13.03305176     10.80566476
   190      8.18028714      7.70940571
   191     11.01275291      9.31952272
   192      8.05661581      7.48349674
   193      6.02418988      5.69729544
   194     12.31402338     10.29106110
   195     17.29369351     12.04387529
   196      8.52128967      7.99031025
   197      7.75637534      7.24921942
   198     10.71958963     10.18676454
   199     13.38613861     11.85854745
   200     11.08485635      8.21059247
   201     11.06976502      8.46810951
   202     11.93059158     10.45478608
   203      9.69305414      9.30620965
   204     11.36217976     10.03646220
   205     11.38884082      9.83169778
   206     13.38905811     10.77988910
   207     13.52230596     10.77752687
   208     15.97440612     14.25702070
   209     15.09058995     13.68716825
   210     13.99885485     11.89936877
   211      8.67602644      8.03233444
   212     13.82398483     12.28730451
   213     15.23200030     12.53317984
   214      8.02394731      7.47117943
   215     13.17006934     11.08104769
   216     11.14007200      9.69893271
   217     11.52753421      9.76250468
   218     15.93480485     14.48624357
   219      8.87210078      8.02658813
   220     15.15201330     12.22394497
   221     10.64492589      8.04302823
   222     13.17394880     11.04273109
   223     14.91276537     13.64414695
   224     15.64021520     13.87400077
   225     10.95320096      9.23749485
   226      7.46958268      6.97297399
   227     15.30985404     12.49566594
   228     10.48216934      8.25176196
   229     10.36762771      8.14167079
   230     11.40108671      8.97274508
   231     11.15919713      8.24749016
   232      7.07144643      6.71632304
   233      8.75702357      7.90946505
   234      9.76654092      9.36460211
   235     11.48081316     10.09717692
   236     15.99024287     14.58904795
   237      8.66175706      8.05245576
   238     13.22983345     10.48551135
   239      6.14102343      5.80629605
   240     11.46029351      8.93503593
   241      6.37289574      6.06763970
   242      7.86460686      7.45566947
   243      7.08622380      6.73213568
   244      6.08323489      5.74431429
   245      9.95962595      8.70785010
   246      5.92217112      5.59798315
   247     11.40163809      9.89050745
   248      5.58164397      5.31088622
   249      8.69961070      8.09563072
   250     12.74328824     10.59854967
   251     11.33891676      8.32238885
   252     15.44358573     14.01914040
   253      8.36988222      7.82750941
   254     10.33595042      8.75587482
   255      6.99167180      6.64047068
   256      8.69833698      8.10940304
   257     10.78416306      8.41827436
   258     24.17689280     20.36536219
   259     11.49942041      9.34821016
   260      5.48687770      5.21978774
   261      5.43406813      5.17813237
   262      6.22465428      5.91712873
   263     13.90686048     11.41929379
   264     14.74695783     12.51569902
   265      9.48960824      9.09189419
   266     88.28948231     34.72752656
   267     11.28568073      8.83972932
   268     13.75297063     11.73696699
   269      5.93864128      5.61420125
   270     13.79420042     11.51911682
   271     14.78591754     12.02445591
   272     11.26182703      9.74973053
   273      9.90324888      9.48834013
   274     10.40002084      8.30176710
   275     11.17327157      8.60266012
   276      9.56030342      8.79939408
   277      8.91930214      8.56835867
   278     14.64116482     12.61956448
   279     10.86250510      9.68695505
   280      8.10178262      7.60952358
   281     11.79070318      9.44224822
   282     13.39393257     11.80741227
   283      6.29893190      5.98846949
   284      6.53129567      6.20643976
   285      7.94726985      7.39192480
   286      8.42320293      7.88259934
   287     10.28998407      9.39533260
   288      5.91694113      5.59476519
   289      5.94358088      5.61926713
   290     13.22548229     11.10040986
   291     10.33429848      8.76134238
   292     12.29394516     10.18632387
   293      6.01615908      5.68822651
   294      5.93500400      5.60900648
   295      5.93114259      5.60645298
   296      9.60504478      9.21834820
   297     12.84839442     10.06240748
   298      7.53402147      7.03415363
   299      7.83667607      7.31508343
   300     10.54618286      8.28085713
   301      9.35607125      8.63489343
   302      8.90125376      8.24352311
   303     12.84451938     10.65421028
   304     13.81556824     11.39276778
   305     11.43453005      8.65687816
   306     11.92202910      9.99693941
   307     14.17319878     11.66779472
   308      8.14357751      7.60624370
   309      5.91618981      5.59597561
   310      9.50015594      9.11928609
   311      8.68597413      8.05248261
   312     11.25996008      9.99237854
   313     10.08804084      8.83032225
   314      8.07146055      7.50164263
   315     13.20704845     11.19499512
   316     12.88047103     11.30672862
   317      8.20185510      7.67227062
   318     11.22080362      8.79004770
   319      6.45620633      6.14317588
   320     12.03574844      9.70184765
   321      8.58020447      7.97925159
   322      5.89601426      5.57766967
   323     12.53688248     11.01907597
   324      5.89071330      5.56895378
   325      9.98176996      9.09310471
   326      5.58239166      5.31237504
   327      6.08938807      5.75194355
   328     10.95201349      8.21016363
   329      8.05459209      7.42400809
   330      7.83462292      7.42407060
   331     10.98763241      9.75965815
   332      7.99272569      7.55961063
   333     11.11545245      8.21414407
   334     11.37677898      9.93553023
   335      5.92294420      5.60410988
   336     13.63666528     11.49375267
   337      5.82576343      5.51092769
   338     11.47179568      8.72186371
   339      8.87527774      8.28927050
   340     17.38395314     15.64620689
   341     13.31191408     11.70203848
   342      5.91653600      5.59548754
   343     11.79864810     10.38319970
   344     10.25931644      9.21314632
   345      9.81124797      8.75356976
   346     11.63432684     10.44227398
   347     11.03095687      9.71733220
   348      7.35980487      6.97456199
   349      9.59649411      8.54515307
   350      7.76667809      7.21650874
   351      6.95144157      6.60345206
   352     10.95564195      8.54151033
   353     13.11033917     10.46500974
   354     11.80226814     10.12259296
   355      9.29060015      8.84484131
   356     11.93996408     10.65752548
   357     13.15452325     11.04207210
   358      8.79498689      8.28386018
   359     10.91703555      9.28353184
   360     11.20879014      8.99289885
   361      9.12605940      7.97896232
   362      9.09158296      8.46397413
   363      9.39092110      8.45509567
   364      5.94136092      5.61475865
   365     10.50034033      7.96787010
   366      2.30143253      2.24634747
   367      5.65691508      5.37982563
   368     11.17776217      8.68711994
   369      8.96872495      8.35652878
   370     14.54053260     11.86419565
   371      5.50858107      5.24282057
   372     12.95252987     10.23453668
   373     14.90987374     12.96643502
   374     13.62842173     10.72718389
   375     13.69397261     11.07401967
   376     16.52243907     13.86602240
   377      8.58909595      8.09556498
   378     11.32922954      8.38473326
   379      6.97029419      6.62212293
   380     15.83527366     13.33319441
   381      8.20602765      7.68002187
   382      5.97374247      5.63476863
   383      8.70181421      8.08824572
   384      9.43289291      8.78387257
   385      6.41471914      6.10294174
   386      8.69950997      8.21153259
   387     12.22672264     10.25152767
   388     10.84632747      8.48132760
   389      9.54287345      9.16386985
   390     17.14700635     15.12003038
   391     11.09304654      8.66014391
   392     10.82173117      9.38710893
   393     13.05865765     11.15078585
   394      9.93791762      9.52195586
   395      9.10256095      8.75097536
   396      6.17874933      5.87482984
   397     11.28341813     10.01446279
   398      5.95768137      5.63695878
   399      9.80109836      9.17099753
   400      9.62775823      8.79819527
   401      9.67891647      9.28118247
   402     10.55604792      8.26445003
   403     11.15819030      8.24885739
   404      8.18734593      7.66889376
   405      8.59609519      8.01076181
   406     16.33158423     13.05492005
   407      8.18128980      7.66870871
   408     19.01406472     16.66969203
   409      5.92174860      5.59957244
   410      6.46794363      6.15380789
   411      6.02618902      5.68196671
   412     14.11591125     11.58240265
   413     10.85008854      8.13986750
   414     16.68666818     14.59727623
   415     14.17094241     11.55310937
   416      9.43713038      8.26770859
   417      8.00054031      7.56686873
   418      8.15043782      7.61349322
   419      9.27336470      8.91794938
   420      9.33691510      8.60839801
   421     11.73136403      9.59030080
   422     11.39031437      8.33129840
   423      9.13085630      8.76160065
   424      8.45341757      7.80068099
   425      9.36767198      8.96487942
   426      7.31272288      6.92411693
   427     11.10195093      8.71902650
   428     10.66501573      8.00546318
   429     14.09844208     11.70148040
   430      9.38936273      8.97530993
   431      6.00634833      5.67800991
   432      8.50074877      7.81555750
   433     10.38977421      8.07557507
   434      6.04190112      5.71809268
   435      8.00463760      7.42392621
   436     11.67769782     10.02573585
   437     11.17031475      8.65748447
   438     11.42952260     10.14622235
   439      9.54854723      9.15467229
   440      6.06477128      5.73906719
   441     15.37771907     12.51391054
   442      9.07127050      8.64835153
   443     18.25684627     16.31233948
   444      6.95139828      6.60924662
   445     11.00131268      8.47839007
   446     13.94448681     11.72765567
   447     13.80878645     11.44184909
   448      9.64064853      9.25726061
   449     15.89223697     13.09170659
   450     11.35311552      9.95289928
   451     11.29729086      9.46468439
   452      7.98617864      7.49779784
   453     10.32541619      8.86442422
   454     11.48707967      9.63534602
   455      9.35968077      8.57637628
   456      7.76207116      7.22079644
   457      8.41685579      7.86363862
   458      8.06877510      7.50896467
   459     16.93720004     15.24553094
   460      8.78539212      8.04742031
   461     11.14877924      8.22747648
   462      8.71692040      8.12126422
   463      7.88684071      7.35603556
   464     13.66646413     12.19150792
   465      8.09133619      7.52567670
   466      8.62556115      8.01031037
   467      6.49705380      6.17453700
   468     12.25125529     10.21963571
   469     11.05510109      8.56485203
   470     11.01188866      9.67689182
   471     14.55121730     11.88570996
   472    195.52824169     62.76297918
   473     11.98968950     10.53624772
   474     11.14158470      8.22826811
   475     10.86655221      8.12423874
   476      8.38170912      7.83894445
   477     16.53417499     14.99188503
   478     10.98295067      8.59026217
   479      9.05705922      8.53099804
   480      8.96766527      7.99078963
   481      8.44168766      7.85445976
   482      8.62191768      7.99455398
   483     11.19145061      9.94960835
   484     10.52139333      8.14147959
 Total  5258.4227744887 4428.4544052915
   484
1_0
     1      1.78543786      1.73697573
     2      9.17387692      8.80844359
     3     11.79968052      9.55933245
     4      5.99118224      5.64483867
     5     10.83040274      8.43310953
     6      8.91325129      8.57750233
     7      2.19014292      2.16142410
     8     10.09420896      9.11752368
     9     11.20348512      9.56923169
    10      6.29344299      5.98289610
    11     12.75489188     10.69527721
    12     12.02631578      9.70155661
    13      8.11195827      7.57169465
    14     12.27021160      9.50956705
    15      7.21814996      6.66916520
    16     12.76637157     10.71603826
    17     10.56306917      7.97768622
    18     11.60175995     10.08742194
    19      9.25950840      8.58645570
    20     10.25990720      9.38325369
    21     10.69094342      9.54315781
    22     11.04917585      9.45502192
    23     10.63150883      8.99640007
    24      8.19122531      7.59078319
    25      8.05012952      7.52531790
    26      8.42419804      7.84960285
    27     14.62561208     11.98410046
    28      7.79443389      7.27384353
    29      8.23042519      7.67307001
    30     11.34428739     10.16383582
    31      7.99071355      7.43065048
    32      9.30639074      8.34878045
    33     12.42753100     10.40169438
    34     11.43877712      8.65470040
    35     13.88187890     10.65518205
    36     11.17142514      8.33509604
    37      9.49062274      8.92064605
    38      9.82698158      9.04655871
    39     10.98123740      9.25305673
    40     13.69615645     10.49480185
    41     11.35530619      8.60835968
    42      8.80961564      8.22688467
    43     14.16980778     11.74543782
    44     11.73354075      9.87737042
    45     10.50607319      8.29102960
    46      8.23521197      7.55801610
    47      6.04638821      5.72066770
    48      6.93746547      6.59406525
    49     11.03027837      8.57296959
    50      8.10299395      7.54159342
    51     12.93825189     10.74789864
    52     13.35948466     11.22386238
    53      6.32879775      6.01469584
    54      6.14693312      5.84474508
    55     13.24118174     10.02762815
    56      8.06637601      7.50579071
    57     16.98303734     15.36900021
    58     11.76739459      9.40596029
    59     10.93108061      8.56977827
    60      8.98040624      8.11284688
    61     12.07100678     10.40682395
    62      9.14815864      8.77838973
    63     16.35203749     13.73730939
    64     11.02293015      8.19152781
    65     14.81293406     13.58373437
    66      9.13144507      8.41216223
    67     11.38885144      8.86238609
    68     10.88335927     10.10732647
    69     15.60994264     13.12746938
    70      9.13416690      8.21956958
    71     14.32225959     11.82695013
    72     10.82509263      8.40071048
    73      7.46246293      7.06450921
    74     14.07207832     12.49066770
    75     14.65251953     12.74030130
    76     16.41036785     14.92176325
    77     11.62409403      9.83636317
    78     10.74561837      8.38225086
    79      9.13923783      8.76563607
    80      9.71361509      8.68155655
    81      8.29140328      7.70088329
    82     14.88363047     12.58583686
    83      9.75649275      8.94545122
    84     14.70500148     12.99050608
    85     12.24831041     10.36272254
    86     13.41232187     10.39261704
    87     11.02900086      9.99202033
    88     11.80586684     10.23760618
    89      9.33245783      8.96037217
    90     12.18404291     10.16628485
    91     10.94658349      8.29776107
    92      6.35411992      6.04544748
    93     11.29100663      9.20696730
    94     11.24266540      8.35703874
    95     13.66077201     11.27279492
    96      6.09821083      5.75828345
    97     11.03640071      8.18071729
    98     12.29939703     11.02537945
    99     11.15407917      8.50715667
   100     15.33642210     12.69492424
   101     10.83397020      8.15971528
   102     22.30544228     18.92172635
   103     12.35216431     10.25504744
   104      6.94993624      6.60409047
   105      9.05945283      8.44704270
   106      7.04933308      6.69150581
   107      6.02402566      5.68320418
   108     11.34426580      9.61236347
   109      5.96410096      5.63429140
   110     11.66928022     10.65713409
   111     11.30672301     10.01179418
   112      7.91045193      7.48561137
   113      8.62823276      7.77145472
   114      9.48933472      8.69139779
   115      7.45572957      7.07394163
   116     10.58896153      9.11789149
   117     13.05865003     10.95863323
   118      8.17671802      7.59752596
   119      7.80702895      7.38518068
   120      8.11898507      7.66979514
   121      7.76202953      7.21293878
   122      8.01488101      7.42226996
   123     10.93336285      8.46464738
   124      5.92028472      5.59741616
   125      9.77177464      9.36602460
   126      8.61687603      8.02482242
   127      7.41182508      7.00807405
   128     11.34086211      9.08478475
   129      8.60536990      8.03033309
   130      9.91525014      9.13442628
   131     10.38860216      9.22708260
   132     12.90464946     11.34656295
   133      8.26706902      7.67680922
   134     10.96088478      9.50545864
   135     11.44977128      9.92712264
   136     13.86625637     11.71629362
   137      6.24932782      5.93890730
   138      6.32304120      6.02102337
   139      5.61469299      5.33940844
   140      5.65796405      5.38309827
   141      9.49529128      9.12010165
   142      8.53109450      7.93539983
   143     15.17161620     13.68890293
   144     11.01801673      8.23850068
   145     10.75491152      9.73051482
   146     10.89373174      8.29567585
   147      9.46757521      9.05626503
   148     11.48628277     10.09577895
   149      9.50206264      9.11259090
   150      7.88483576      7.35345287
   151     14.73621262     12.06912960
   152      7.49721810      7.10539784
   153      9.64771784      9.25436290
   154      8.59279700      8.01243466
   155      8.41990928      7.77868003
   156      8.83379045      8.32622074
   157      8.55215440      7.96406835
   158     13.85321560     12.11339081
   159     10.86955683      9.46978964
   160     12.32081433     10.34413876
   161     10.26257044      9.01549507
   162     10.62813281      8.33077491
   163     14.16976512     12.18492539
   164      8.49195933      8.01993058
   165      7.73785088      7.21081343
   166     10.32983750      8.20497887
   167      8.37551948      7.73507106
   168     11.89724407     10.27838214
   169     11.27561469      9.22929079
   170      9.69165735      9.31032375
   171     13.28018560     11.06899815
   172     15.05288739     12.96200511
   173     17.21668652     14.83517573
   174     11.23503447      8.24485837
   175      9.24591903      8.85830851
   176     10.68031180      8.02943576
   177      8.48000151      7.92046172
   178      9.37042125      8.81247324
   179      8.72407927      7.98145884
   180      8.01744199      7.46672211
   181     11.09506213     10.03898400
   182      8.57032855      7.96135562
   183      2.30111464      2.24595198
   184     12.10607588     10.76684544
   185      6.97689125      6.63093965
   186      6.24902445      5.94194492
   187     10.80149352      9.28957711
   188      6.09612473      5.75673278
   189     13.03305151     10.80566460
   190      8.18028630      7.70940486
   191     11.01275314      9.31952279
   192      8.05661522      7.48349620
   193      6.02419051      5.69729605
   194     12.31402386     10.29106127
   195     17.29369442     12.04387540
   196      8.52129013      7.99031064
   197      7.75637418      7.24921837
   198     10.71959871     10.18677184
   199     13.38614066     11.85855023
   200     11.08485502      8.21059206
   201     11.06978990      8.46811377
   202     11.93059251     10.45478736
   203      9.69305595      9.30621126
   204     11.36217960     10.03646232
   205     11.38884019      9.83169717
   206     13.38905202     10.77988308
   207     13.52230427     10.77752550
   208     15.97440745     14.25702250
   209     15.09057032     13.68715057
   210     13.99884689     11.89936294
   211      8.67602283      8.03233136
   212     13.82396963     12.28729075
   213     15.23200060     12.53318000
   214      8.02394678      7.47117900
   215     13.17007527     11.08105053
   216     11.14006904      9.69893022
   217     11.52753461      9.76250497
   218     15.93481382     14.48625083
   219      8.87210184      8.02658906
   220     15.15202449     12.22395220
   221     10.64492587      8.04302818
   222     13.17395451     11.04273904
   223     14.91276461     13.64414645
   224     15.64021796     13.87399927
   225     10.95320070      9.23749455
   226      7.46958239      6.97297369
   227     15.30985685     12.49566866
   228     10.48216790      8.25176067
   229     10.36762518      8.14167008
   230     11.40108749      8.97274813
   231     11.15919655      8.24748962
   232      7.07144757      6.71632413
   233      8.75702326      7.90946510
   234      9.76654109      9.36460227
   235     11.48081213     10.09717676
   236     15.99023447     14.58904120
   237      8.66175400      8.05245297
   238     13.22983776     10.48551443
   239      6.14102335      5.80629597
   240     11.46029409      8.93503624
   241      6.37289585      6.06763979
   242      7.86460668      7.45566929
   243      7.08622413      6.73213598
   244      6.08323482      5.74431422
   245      9.95962497      8.70784962
   246      5.92217117      5.59798320
   247     11.40163648      9.89050624
   248      5.58164402      5.31088627
   249      8.69961045      8.09563050
   250     12.74328815     10.59854939
   251     11.33891682      8.32238880
   252     15.44358116     14.01913535
   253      8.36988193      7.82750915
   254     10.33595065      8.75587505
   255      6.99167193      6.64047080
   256      8.69833465      8.10940095
   257     10.78416304      8.41827435
   258     24.17688887     20.36535851
   259     11.49941853      9.34820967
   260      5.48687772      5.21978776
   261      5.43406811      5.17813236
   262      6.22465429      5.91712873
   263     13.90686142     11.41929464
   264     14.74696119     12.51569996
   265      9.48960855      9.09189439
   266     88.28937632     34.72752922
   267     11.28567973      8.83972634
   268     13.75296075     11.73695946
   269      5.93864131      5.61420128
   270     13.79420349     11.51912014
   271     14.78591275     12.02445251
   272     11.26182387      9.74972810
   273      9.90324848      9.48833979
   274     10.40002058      8.30176607
   275     11.17327174      8.60266026
   276      9.56030180      8.79939280
   277      8.91930242      8.56835893
   278     14.64116545     12.61956975
   279     10.86250687      9.68695636
   280      8.10178567      7.60952622
   281     11.79070249      9.44224786
   282     13.39393282     11.80741269
   283      6.29893181      5.98846940
   284      6.53129585      6.20643992
   285      7.94727130      7.39192612
   286      8.42320186      7.88259837
   287     10.28998628      9.39533442
   288      5.91694118      5.59476524
   289      5.94358084      5.61926708
   290     13.22548190     11.10040945
   291     10.33429858      8.76134232
   292     12.29394517     10.18632387
   293      6.01615899      5.68822642
   294      5.93500382      5.60900631
   295      5.93114258      5.60645295
   296      9.60504306      9.21834657
   297     12.84838633     10.06240262
   298      7.53402101      7.03415313
   299      7.83667473      7.31508230
   300     10.54618876      8.28085988
   301      9.35605307      8.63487604
   302      8.90125389      8.24352314
   303     12.84451958     10.65421021
   304     13.81556746     11.39276721
   305     11.43451305      8.65687566
   306     11.92202942      9.99693960
   307     14.17318841     11.66778857
   308      8.14357598      7.60624219
   309      5.91618953      5.59597534
   310      9.50015651      9.11928661
   311      8.68597144      8.05247967
   312     11.25995762      9.99237743
   313     10.08805332      8.83033191
   314      8.07146092      7.50164304
   315     13.20704869     11.19499528
   316     12.88047323     11.30673049
   317      8.20185679      7.67227215
   318     11.22080483      8.79004852
   319      6.45620627      6.14317583
   320     12.03575657      9.70185262
   321      8.58020502      7.97925217
   322      5.89601437      5.57766980
   323     12.53687674     11.01907190
   324      5.89071328      5.56895374
   325      9.98176491      9.09310053
   326      5.58239146      5.31237487
   327      6.08938790      5.75194340
   328     10.95201333      8.21016349
   329      8.05459222      7.42400815
   330      7.83462281      7.42407048
   331     10.98762697      9.75965345
   332      7.99272530      7.55961024
   333     11.11545079      8.21414340
   334     11.37677866      9.93552973
   335      5.92294426      5.60410995
   336     13.63666518     11.49375255
   337      5.82576367      5.51092792
   338     11.47179578      8.72186371
   339      8.87528123      8.28927375
   340     17.38396827     15.64621850
   341     13.31191464     11.70203835
   342      5.91653623      5.59548777
   343     11.79864930     10.38320086
   344     10.25930838      9.21313933
   345      9.81125575      8.75357633
   346     11.63432762     10.44227458
   347     11.03095739      9.71733168
   348      7.35980483      6.97456202
   349      9.59648823      8.54514880
   350      7.76667938      7.21650972
   351      6.95144164      6.60345214
   352     10.95564217      8.54151043
   353     13.11035062     10.46501882
   354     11.80226154     10.12258502
   355      9.29059972      8.84484086
   356     11.93996211     10.65752406
   357     13.15452328     11.04207208
   358      8.79498603      8.28385942
   359     10.91703599      9.28353228
   360     11.20879025      8.99289934
   361      9.12605711      7.97896041
   362      9.09158556      8.46397630
   363      9.39092169      8.45509661
   364      5.94136102      5.61475874
   365     10.50034112      7.96787048
   366      2.30143254      2.24634748
   367      5.65691552      5.37982603
   368     11.17776230      8.68711994
   369      8.96872597      8.35652937
   370     14.54052770     11.86419148
   371      5.50858110      5.24282059
   372     12.95252714     10.23453683
   373     14.90987060     12.96643188
   374     13.62842378     10.72718528
   375     13.69397509     11.07402053
   376     16.52243850     13.86602210
   377      8.58909528      8.09556432
   378     11.32922965      8.38473330
   379      6.97029426      6.62212296
   380     15.83527346     13.33319455
   381      8.20602793      7.68002214
   382      5.97374239      5.63476856
   383      8.70181331      8.08824484
   384      9.43289047      8.78387040
   385      6.41471910      6.10294170
   386      8.69951060      8.21153309
   387     12.22672254     10.25152769
   388     10.84632718      8.48132740
   389      9.54287257      9.16386912
   390     17.14699556     15.12002151
   391     11.09304558      8.66014271
   392     10.82173238      9.38710973
   393     13.05864662     11.15077750
   394      9.93791541      9.52195394
   395      9.10256096      8.75097538
   396      6.17874925      5.87482976
   397     11.28341867     10.01446339
   398      5.95768143      5.63695885
   399      9.80109982      9.17099874
   400      9.62775550      8.79819279
   401      9.67891687      9.28118288
   402     10.55604123      8.26444646
   403     11.15819005      8.24885718
   404      8.18734699      7.66889482
   405      8.59609567      8.01076226
   406     16.33159385     13.05492654
   407      8.18129032      7.66870919
   408     19.01404345     16.66967496
   409      5.92174855      5.59957240
   410      6.46794336      6.15380766
   411      6.02618908      5.68196675
   412     14.11591053     11.58240209
   413     10.85008934      8.13986790
   414     16.68665826     14.59727132
   415     14.17093690     11.55310551
   416      9.43712773      8.26770645
   417      8.00054026      7.56686868
   418      8.15043860      7.61349403
   419      9.27336505      8.91794970
   420      9.33691805      8.60840058
   421     11.73136645      9.59030326
   422     11.39031468      8.33129856
   423      9.13085628      8.76160056
   424      8.45341741      7.80068112
   425      9.36767223      8.96487962
   426      7.31272363      6.92411769
   427     11.10195116      8.71902648
   428     10.66501519      8.00546277
   429     14.09844045     11.70147854
   430      9.38936270      8.97530989
   431      6.00634832      5.67800990
   432      8.50074923      7.81555788
   433     10.38977856      8.07557939
   434      6.04190102      5.71809258
   435      8.00463768      7.42392637
   436     11.67770620     10.02574625
   437     11.17031194      8.65748040
   438     11.42952294     10.14622276
   439      9.54854574      9.15467098
   440      6.06477154      5.73906742
   441     15.37770206     12.51389993
   442      9.07127019      8.64835131
   443     18.25683080     16.31232832
   444      6.95139808      6.60924646
   445     11.00132263      8.47839729
   446     13.94448858     11.72765730
   447     13.80878488     11.44184774
   448      9.64064896      9.25726101
   449     15.89224057     13.09171035
   450     11.35311613      9.95290101
   451     11.29729390      9.46468859
   452      7.98617975      7.49779898
   453     10.32539662      8.86440904
   454     11.48708105      9.63534722
   455      9.35968214      8.57637724
   456      7.76207200      7.22079718
   457      8.41685731      7.86363989
   458      8.06877356      7.50896337
   459     16.93720409     15.24553476
   460      8.78539147      8.04741945
   461     11.14877923      8.22747646
   462      8.71691930      8.12126317
   463      7.88684046      7.35603521
   464     13.66653033     12.19158308
   465      8.09133625      7.52567683
   466      8.62556256      8.01031157
   467      6.49705354      6.17453675
   468     12.25125528     10.21963597
   469     11.05509347      8.56484966
   470     11.01189737      9.67689859
   471     14.55122618     11.88571384
   472    195.52819266     62.76297897
   473     11.98969039     10.53624808
   474     11.14158531      8.22826851
   475     10.86655212      8.12423882
   476      8.38170933      7.83894463
   477     16.53416712     14.99187844
   478     10.98294802      8.59026149
   479      9.05706333      8.53100164
   480      8.96766092      7.99078648
   481      8.44168776      7.85445976
   482      8.62191462      7.99455115
   483     11.19144843      9.94960620
   484     10.52138413      8.14147359
 Total  5258.4225986023 4428.4544052733
   484
1_0
     1      1.78543786      1.73697573
     2      9.17387692      8.80844364
     3     11.79968566      9.55933429
     4      5.99118223      5.64483866
     5     10.83040762      8.43311210
     6      8.91325103      8.57750206
     7      2.19014291      2.16142409
     8     10.09421227      9.11752663
     9     11.20348294      9.56922983
    10      6.29344292      5.98289605
    11     12.75489833     10.69528265
    12     12.02631043      9.70155277
    13      8.11195980      7.57169614
    14     12.27019807      9.50956090
    15      7.21815076      6.66916585
    16     12.76637037     10.71603713
    17     10.56307005      7.97768660
    18     11.60176112     10.08742292
    19      9.25950518      8.58645315
    20     10.25991733      9.38326138
    21     10.69094334      9.54315787
    22     11.04917515      9.45502141
    23     10.63150982      8.99640075
    24      8.19122550      7.59078339
    25      8.05013301      7.52532132
    26      8.42420084      7.84960550
    27     14.62561551     11.98410263
    28      7.79443454      7.27384409
    29      8.23042412      7.67306903
    30     11.34428527     10.16383480
    31      7.99071157      7.43064888
    32      9.30639261      8.34878177
    33     12.42753221     10.40169583
    34     11.43877697      8.65470020
    35     13.88187272     10.65518302
    36     11.17142562      8.33509629
    37      9.49062254      8.92064593
    38      9.82699043      9.04656594
    39     10.98123735      9.25305667
    40     13.69616274     10.49480257
    41     11.35531727      8.60836381
    42      8.80961656      8.22688561
    43     14.16980753     11.74543810
    44     11.73354202      9.87737150
    45     10.50607362      8.29103022
    46      8.23521254      7.55801661
    47      6.04638814      5.72066763
    48      6.93746545      6.59406526
    49     11.03027725      8.57296867
    50      8.10299314      7.54159254
    51     12.93825186     10.74789863
    52     13.35948475     11.22386244
    53      6.32879767      6.01469576
    54      6.14693310      5.84474506
    55     13.24117972     10.02763034
    56      8.06637444      7.50578927
    57     16.98303502     15.36899880
    58     11.76739278      9.40595978
    59     10.93107913      8.56977752
    60      8.98040503      8.11284547
    61     12.07100826     10.40682753
    62      9.14815841      8.77838952
    63     16.35203689     13.73730861
    64     11.02293053      8.19152785
    65     14.81293223     13.58373296
    66      9.13144454      8.41216203
    67     11.38885166      8.86238617
    68     10.88334844     10.10731763
    69     15.60994309     13.12746957
    70      9.13416345      8.21956733
    71     14.32226043     11.82695119
    72     10.82509253      8.40071037
    73      7.46246443      7.06451065
    74     14.07207958     12.49066860
    75     14.65252015     12.74030278
    76     16.41036946     14.92176426
    77     11.62409339      9.83636313
    78     10.74561845      8.38225091
    79      9.13923751      8.76563577
    80      9.71361725      8.68155780
    81      8.29140091      7.70088105
    82     14.88362906     12.58583811
    83      9.75649962      8.94545662
    84     14.70500749     12.99051074
    85     12.24830856     10.36272044
    86     13.41232088     10.39261601
    87     11.02899935      9.99201911
    88     11.80586765     10.23760677
    89      9.33245695      8.96037134
    90     12.18404281     10.16628488
    91     10.94657514      8.29775931
    92      6.35411981      6.04544737
    93     11.29100610      9.20696663
    94     11.24266533      8.35703862
    95     13.66077269     11.27279553
    96      6.09821090      5.75828352
    97     11.03640000      8.18071705
    98     12.29939546     11.02537798
    99     11.15407792      8.50715665
   100     15.33643531     12.69493054
   101     10.83397028      8.15971532
   102     22.30549336     18.92176433
   103     12.35216315     10.25504666
   104      6.94993605      6.60409030
   105      9.05945241      8.44704235
   106      7.04933332      6.69150601
   107      6.02402558      5.68320410
   108     11.34426315      9.61236197
   109      5.96410095      5.63429140
   110     11.66928470     10.65713738
   111     11.30672549     10.01179546
   112      7.91045198      7.48561140
   113      8.62823493      7.77145572
   114      9.48933417      8.69139731
   115      7.45572948      7.07394153
   116     10.58894972      9.11788355
   117     13.05864981     10.95863303
   118      8.17671734      7.59752534
   119      7.80702874      7.38518045
   120      8.11898490      7.66979500
   121      7.76202937      7.21293854
   122      8.01488113      7.42227010
   123     10.93336286      8.46464734
   124      5.92028470      5.59741615
   125      9.77177474      9.36602469
   126      8.61687198      8.02481850
   127      7.41182505      7.00807402
   128     11.34087213      9.08479266
   129      8.60537010      8.03033338
   130      9.91524649      9.13442312
   131     10.38860093      9.22708197
   132     12.90463134     11.34654237
   133      8.26706949      7.67680966
   134     10.96088537      9.50545913
   135     11.44976966      9.92712087
   136     13.86625558     11.71629244
   137      6.24932780      5.93890728
   138      6.32304125      6.02102342
   139      5.61469279      5.33940826
   140      5.65796417      5.38309837
   141      9.49529196      9.12010231
   142      8.53108746      7.93539319
   143     15.17158854     13.68887961
   144     11.01801851      8.23850153
   145     10.75491268      9.73051574
   146     10.89373793      8.29567938
   147      9.46757453      9.05626443
   148     11.48628696     10.09578240
   149      9.50206392      9.11259205
   150      7.88483623      7.35345328
   151     14.73621903     12.06913322
   152      7.49721735      7.10539711
   153      9.64771825      9.25436329
   154      8.59279740      8.01243500
   155      8.41990961      7.77868010
   156      8.83378943      8.32621975
   157      8.55215361      7.96406749
   158     13.85321345     12.11338884
   159     10.86955703      9.46978920
   160     12.32081412     10.34413846
   161     10.26257019      9.01549468
   162     10.62813423      8.33077570
   163     14.16974994     12.18491025
   164      8.49196014      8.01993136
   165      7.73785095      7.21081360
   166     10.32983492      8.20497804
   167      8.37551992      7.73507180
   168     11.89724336     10.27838199
   169     11.27561559      9.22929129
   170      9.69165861      9.31032489
   171     13.28019261     11.06900072
   172     15.05288449     12.96200199
   173     17.21669483     14.83517768
   174     11.23503497      8.24485853
   175      9.24591881      8.85830833
   176     10.68031232      8.02943612
   177      8.48000070      7.92046112
   178      9.37042184      8.81247386
   179      8.72408011      7.98145946
   180      8.01744305      7.46672292
   181     11.09507575     10.03899591
   182      8.57032923      7.96135620
   183      2.30111462      2.24595197
   184     12.10607055     10.76684265
   185      6.97689163      6.63094001
   186      6.24902448      5.94194495
   187     10.80149836      9.28958082
   188      6.09612490      5.75673294
   189     13.03305126     10.80566444
   190      8.18028546      7.70940402
   191     11.01275337      9.31952286
   192      8.05661463      7.48349566
   193      6.02419115      5.69729665
   194     12.31402433     10.29106144
   195     17.29369532     12.04387551
   196      8.52129060      7.99031102
   197      7.75637302      7.24921732
   198     10.71960773     10.18677910
   199     13.38614271     11.85855300
   200     11.08485370      8.21059166
   201     11.06981465      8.46811800
   202     11.93059345     10.45478863
   203      9.69305774      9.30621285
   204     11.36217944     10.03646244
   205     11.38883957      9.83169657
   206     13.38904596     10.77987710
   207     13.52230260     10.77752414
   208     15.97440876     14.25702428
   209     15.09055079     13.68713298
   210     13.99883898     11.89935715
   211      8.67601925      8.03232830
   212     13.82395451     12.28727706
   213     15.23200089     12.53318017
   214      8.02394625      7.47117857
   215     13.17008116     11.08105335
   216     11.14006610      9.69892774
   217     11.52753501      9.76250526
   218     15.93482276     14.48625805
   219      8.87210291      8.02658999
   220     15.15203562     12.22395940
   221     10.64492584      8.04302813
   222     13.17396019     11.04274694
   223     14.91276385     13.64414594
   224     15.64022071     13.87399777
   225     10.95320045      9.23749425
   226      7.46958210      6.97297340
   227     15.30985964     12.49567136
   228     10.48216647      8.25175940
   229     10.36762267      8.14166938
   230     11.40108825      8.97275115
   231     11.15919597      8.24748907
   232      7.07144870      6.71632522
   233      8.75702295      7.90946515
   234      9.76654126      9.36460242
   235     11.48081111     10.09717659
   236     15.99022611     14.58903448
   237      8.66175096      8.05245020
   238     13.22984205     10.48551748
   239      6.14102326      5.80629590
   240     11.46029466      8.93503655
   241      6.37289596      6.06763989
   242      7.86460650      7.45566912
   243      7.08622446      6.73213627
   244      6.08323474      5.74431416
   245      9.95962399      8.70784914
   246      5.92217122      5.59798325
   247     11.40163487      9.89050503
   248      5.58164408      5.31088633
   249      8.69961020      8.09563028
   250     12.74328806     10.59854910
   251     11.33891688      8.32238875
   252     15.44357661     14.01913033
   253      8.36988164      7.82750890
   254     10.33595088      8.75587528
   255      6.99167205      6.64047092
   256      8.69833233      8.10939886
   257     10.78416301      8.41827434
   258     24.17688495     20.36535486
   259     11.49941666      9.34820918
   260      5.48687774      5.21978778
   261      5.43406809      5.17813234
   262      6.22465430      5.91712873
   263     13.90686236     11.41929549
   264     14.74696452     12.51570089
   265      9.48960886      9.09189459
   266     88.28927080     34.72753187
   267     11.28567874      8.83972339
   268     13.75295091     11.73695197
   269      5.93864135      5.61420132
   270     13.79420654     11.51912345
   271     14.78590799     12.02444912
   272     11.26182072      9.74972568
   273      9.90324808      9.48833946
   274     10.40002032      8.30176504
   275     11.17327191      8.60266039
   276      9.56030018      8.79939151
   277      8.91930270      8.56835918
   278     14.64116607     12.61957501
   279     10.86250862      9.68695767
   280      8.10178870      7.60952885
   281     11.79070179      9.44224751
   282     13.39393307     11.80741311
   283      6.29893172      5.98846931
   284      6.53129602      6.20644008
   285      7.94727275      7.39192743
   286      8.42320080      7.88259740
   287     10.28998849      9.39533623
   288      5.91694124      5.59476528
   289      5.94358080      5.61926703
   290     13.22548151     11.10040904
   291     10.33429868      8.76134225
   292     12.29394517     10.18632387
   293      6.01615890      5.68822634
   294      5.93500364      5.60900614
   295      5.93114256      5.60645291
   296      9.60504135      9.21834495
   297     12.84837828     10.06239779
   298      7.53402055      7.03415262
   299      7.83667341      7.31508118
   300     10.54619463      8.28086261
   301      9.35603497      8.63485874
   302      8.90125401      8.24352317
   303     12.84451979     10.65421014
   304     13.81556668     11.39276664
   305     11.43449614      8.65687318
   306     11.92202974      9.99693979
   307     14.17317809     11.66778245
   308      8.14357445      7.60624068
   309      5.91618925      5.59597507
   310      9.50015707      9.11928712
   311      8.68596875      8.05247675
   312     11.25995518      9.99237632
   313     10.08806572      8.83034153
   314      8.07146128      7.50164344
   315     13.20704893     11.19499543
   316     12.88047542     11.30673235
   317      8.20185848      7.67227369
   318     11.22080603      8.79004935
   319      6.45620620      6.14317578
   320     12.03576465      9.70185757
   321      8.58020556      7.97925275
   322      5.89601448      5.57766993
   323     12.53687103     11.01906786
   324      5.89071325      5.56895371
   325      9.98175989      9.09309638
   326      5.58239126      5.31237470
   327      6.08938773      5.75194326
   328     10.95201317      8.21016335
   329      8.05459235      7.42400820
   330      7.83462270      7.42407037
   331     10.98762156      9.75964876
   332      7.99272492      7.55960984
   333     11.11544914      8.21414274
   334     11.37677833      9.93552924
   335      5.92294432      5.60411001
   336     13.63666507     11.49375243
   337      5.82576392      5.51092816
   338     11.47179588      8.72186372
   339      8.87528470      8.28927698
   340     17.38398332     15.64623006
   341     13.31191519     11.70203822
   342      5.91653646      5.59548799
   343     11.79865050     10.38320201
   344     10.25930035      9.21313237
   345      9.81126349      8.75358288
   346     11.63432838     10.44227517
   347     11.03095792      9.71733117
   348      7.35980479      6.97456204
   349      9.59648238      8.54514454
   350      7.76668067      7.21651070
   351      6.95144171      6.60345222
   352     10.95564239      8.54151054
   353     13.11036201     10.46502784
   354     11.80225498     10.12257713
   355      9.29059929      8.84484041
   356     11.93996016     10.65752265
   357     13.15452331     11.04207205
   358      8.79498518      8.28385866
   359     10.91703642      9.28353272
   360     11.20879036      8.99289982
   361      9.12605483      7.97895850
   362      9.09158815      8.46397846
   363      9.39092228      8.45509754
   364      5.94136112      5.61475884
   365     10.50034191      7.96787085
   366      2.30143255      2.24634749
   367      5.65691596      5.37982643
   368     11.17776244      8.68711993
   369      8.96872699      8.35652995
   370     14.54052282     11.86418732
   371      5.50858114      5.24282061
   372     12.95252442     10.23453699
   373     14.90986748     12.96642876
   374     13.62842581     10.72718666
   375     13.69397756     11.07402139
   376     16.52243792     13.86602180
   377      8.58909461      8.09556366
   378     11.32922977      8.38473334
   379      6.97029433      6.62212300
   380     15.83527326     13.33319469
   381      8.20602820      7.68002241
   382      5.97374231      5.63476850
   383      8.70181240      8.08824396
   384      9.43288804      8.78386825
   385      6.41471907      6.10294166
   386      8.69951123      8.21153359
   387     12.22672244     10.25152772
   388     10.84632689      8.48132719
   389      9.54287169      9.16386840
   390     17.14698483     15.12001268
   391     11.09304462      8.66014150
   392     10.82173359      9.38711053
   393     13.05863564     11.15076919
   394      9.93791321      9.52195203
   395      9.10256097      8.75097540
   396      6.17874917      5.87482969
   397     11.28341921     10.01446399
   398      5.95768149      5.63695893
   399      9.80110128      9.17099994
   400      9.62775277      8.79819033
   401      9.67891728      9.28118329
   402     10.55603457      8.26444292
   403     11.15818981      8.24885698
   404      8.18734804      7.66889588
   405      8.59609615      8.01076270
   406     16.33160343     13.05493300
   407      8.18129084      7.66870966
   408     19.01402231     16.66965799
   409      5.92174850      5.59957235
   410      6.46794310      6.15380743
   411      6.02618915      5.68196680
   412     14.11590982     11.58240153
   413     10.85009012      8.13986830
   414     16.68664838     14.59726644
   415     14.17093143     11.55310167
   416      9.43712509      8.26770432
   417      8.00054021      7.56686863
   418      8.15043938      7.61349484
   419      9.27336539      8.91795001
   420      9.33692098      8.60840314
   421     11.73136885      9.59030571
   422     11.39031500      8.33129873
   423      9.13085625      8.76160048
   424      8.45341726      7.80068125
   425      9.36767247      8.96487982
   426      7.31272438      6.92411844
   427     11.10195139      8.71902647
   428     10.66501464      8.00546237
   429     14.09843882     11.70147670
   430      9.38936268      8.97530985
   431      6.00634832      5.67800989
   432      8.50074970      7.81555825
   433     10.38978289      8.07558370
   434      6.04190092      5.71809247
   435      8.00463776      7.42392652
   436     11.67771453     10.02575660
   437     11.17030915      8.65747635
   438     11.42952327     10.14622318
   439      9.54854426      9.15466967
   440      6.06477180      5.73906765
   441     15.37768513     12.51388937
   442      9.07126987      8.64835108
   443     18.25681542     16.31231722
   444      6.95139787      6.60924629
   445     11.00133254      8.47840447
   446     13.94449033     11.72765893
   447     13.80878331     11.44184641
   448      9.64064938      9.25726140
   449     15.89224416     13.09171409
   450     11.35311673      9.95290272
   451     11.29729693      9.46469278
   452      7.98618085      7.49780011
   453     10.32537715      8.86439394
   454     11.48708243      9.63534842
   455      9.35968351      8.57637819
   456      7.76207284      7.22079791
   457      8.41685882      7.86364115
   458      8.06877203      7.50896208
   459     16.93720811     15.24553857
   460      8.78539082      8.04741859
   461     11.14877922      8.22747645
   462      8.71691822      8.12126212
   463      7.88684020      7.35603487
   464     13.66659619     12.19165787
   465      8.09133631      7.52567695
   466      8.62556396      8.01031277
   467      6.49705329      6.17453650
   468     12.25125528     10.21963622
   469     11.05508588      8.56484729
   470     11.01190605      9.67690533
   471     14.55123502     11.88571769
   472    195.52814385     62.76297877
   473     11.98969127     10.53624843
   474     11.14158591      8.22826891
   475     10.86655202      8.12423889
   476      8.38170953      7.83894482
   477     16.53415929     14.99187188
   478     10.98294539      8.59026082
   479      9.05706741      8.53100522
   480      8.96765658      7.99078334
   481      8.44168786      7.85445975
   482      8.62191157      7.99454834
   483     11.19144625      9.94960406
   484     10.52137499      8.14146762
 Total  5258.4224235214 4428.4544052520
