   437
1_0
     1      1.78662415      1.74436897
     2      1.78557726      1.74337871
     3     11.16224404     10.38577351
     4     13.37551551     10.22601414
     5     10.55316565      8.30912247
     6     11.08399979     10.30176885
     7     16.24273253     14.63827630
     8     10.79807406      8.45892937
     9     13.12601796     10.13240709
    10     12.02288558      9.75507488
    11     11.17095016      8.56714877
    12     13.37673135     10.64709626
    13     11.12223616      8.58815662
    14     12.35496786      9.72544117
    15      3.34665023      3.29374868
    16     13.26055126     10.14569299
    17     13.01505637      9.97686194
    18     15.85324776     14.36325582
    19     14.55321484     11.19221255
    20     13.53573272     12.69412067
    21     11.54673281      8.77340872
    22     15.69494340     14.05475175
    23     11.45766466      8.95115149
    24     14.19647243     10.86513920
    25     15.46689276     13.95601575
    26     14.52805023     11.28958206
    27     15.86950163     14.35989086
    28     11.50681103      8.73597535
    29     13.38112289     10.08818368
    30     11.61881272     10.68421242
    31     13.84987736     12.37247089
    32     11.07820536     10.29121454
    33     11.50323012      9.53050727
    34     13.67411397     10.35088962
    35     13.37694906     10.20506567
    36     11.98649124      9.17170904
    37     13.19604481     12.40004559
    38     10.91211501      8.51708431
    39     11.85811322     10.88866176
    40      9.33334528      8.76732694
    41     13.04091721     10.02244047
    42     13.52608135     11.16219541
    43     17.81932475     15.76721990
    44     13.21776572     10.27901243
    45     12.94865704     12.18787551
    46     13.38796866     12.57099773
    47     12.92951517      9.97207611
    48     11.57690692     10.65884995
    49     15.02786938     13.71319133
    50     12.90562068     12.12944340
    51     15.22897181     13.74488506
    52     14.90699591     13.58948228
    53     11.08450222     10.29499713
    54     12.00636110      9.86528348
    55     11.25803352     10.45779939
    56     11.54843201      9.43938159
    57     13.28212665     10.72582708
    58     15.16806890     13.78772173
    59     16.45740891     14.76435008
    60     15.23155191     13.66731417
    61     14.80818096     12.73398531
    62     16.74463548     15.04388487
    63     16.57473466     14.90104813
    64     15.51047584     13.98154026
    65     11.85993801     10.88760847
    66     12.95985204      9.85870278
    67     13.37064273     12.52708564
    68     11.19196669      8.62558695
    69     11.95733982      9.47576166
    70     13.18600210     10.67202149
    71     13.60778331     11.06911461
    72     15.31877960     13.84187062
    73     11.35439527      9.38478336
    74     15.98436372     14.47185543
    75     20.29726724     17.21729925
    76     15.01749978     13.80073161
    77     14.34187329     13.12353167
    78     15.29410733     13.92596782
    79     12.88628823     10.52347255
    80     10.91147793      8.49428484
    81     15.13918794     13.58609729
    82     10.86744287      8.41873714
    83     15.08370369     13.70382006
    84      2.25106152      2.20088365
    85     11.16684039     10.35471201
    86     13.21963030      9.87512905
    87     12.88822981     10.10492981
    88     12.34137939      9.56393458
    89     12.80822386      9.84701020
    90     13.11224346      9.95872096
    91     11.29981200     10.48409089
    92     11.11081720      9.64184853
    93     14.47764372     13.27507734
    94     15.50511412     13.97191611
    95     17.28619393     15.26925961
    96     13.15945166     11.85960653
    97     14.39368844     11.77402316
    98     13.31762183     10.17962040
    99     13.72728558     12.24111321
   100     12.25572638      9.53775597
   101     97.30479432     38.80687375
   102     11.98035952      9.54400356
   103     14.91851915     12.82548711
   104     16.04172886     14.42154829
   105     14.47815688     13.22362405
   106     12.27327839      9.86483252
   107     15.35768714     13.80958945
   108     13.36204346     12.52739883
   109     11.65785799      9.95950076
   110     11.25143202      8.66445393
   111     12.15921124     10.29355202
   112     11.67229282     10.74162546
   113     11.75590263      9.02844566
   114     11.53296716      8.80024712
   115     14.61266634     13.15144250
   116     16.79091304     15.09462887
   117     11.54317108     10.66151952
   118     10.78396818      8.33926482
   119     13.03997724     10.01501428
   120     13.65059717     10.74730970
   121     14.72602413     10.93349791
   122     11.81184383      9.18158372
   123     13.67226577     10.83284472
   124     11.05649009     10.28414509
   125     10.69061758      9.76866750
   126     12.73672744     10.83300105
   127     14.33842768     12.94429861
   128     14.76576529     13.27877567
   129     10.61172437      8.37024121
   130     11.67412763      9.02663658
   131     13.10872045      9.92394545
   132     14.88597818     12.03846783
   133     15.10415025     13.76444137
   134     14.07302631     10.47503060
   135     14.30835044     13.06853001
   136     13.68320565     11.31065063
   137     12.80500419     10.38840274
   138     13.06098407     10.55267544
   139     11.99718560     11.13419756
   140     10.96920301     10.21640713
   141     11.13418823      8.61286868
   142     13.74321765     12.87474954
   143     13.96012378     13.06699741
   144     13.63400591     12.30057064
   145     14.02878354     11.97583771
   146     10.93433884      8.49122497
   147     15.99268623     14.50339068
   148     11.88373691     10.89703591
   149     12.36593294     10.09674057
   150     15.71543129     14.31304197
   151     13.57691355     10.15701430
   152     11.75885063     10.83179358
   153     13.12140283     10.39932726
   154     11.15218326     10.34671801
   155     12.88918741      9.82175161
   156     14.46875764     11.69160861
   157     18.55117640     15.90636800
   158     10.84990674      8.42719049
   159     13.07962742      9.81118225
   160     15.64850102     14.10248986
   161     13.18802442     12.37752715
   162     15.46235615     14.09856129
   163     11.40700976     10.58391070
   164     15.53358083     13.95390925
   165     13.43475862     10.24421171
   166     13.35326957     10.10812225
   167     13.04282825     10.00937787
   168     11.00562158      8.43484729
   169     12.17622183      9.87488620
   170     17.93039003     16.02517254
   171     14.78558153     13.43794559
   172     14.74127161     13.42564928
   173     11.01480014      8.96110050
   174     11.42766815      8.75947778
   175     10.98654541     10.20038737
   176     14.38770619     11.76880591
   177     15.11293236     13.66353481
   178     14.44483919     13.18809226
   179     12.40073981     11.15791071
   180     11.77407930     10.83698565
   181     13.71568759     11.65341914
   182     14.65236433     13.42428129
   183     16.85813481     15.10789067
   184     15.12350173     12.87632687
   185     11.13359686      9.31951301
   186     15.02368748     13.71672073
   187     13.88460822     11.89468861
   188     11.74799951     10.79200127
   189     13.48604137     12.64562860
   190     13.87175785     12.54929078
   191     12.82560219     10.79798557
   192     14.82355088     13.35838342
   193     13.99725297     12.54612126
   194     13.87861383     12.98660175
   195     15.25047236     11.26675540
   196     11.75424130     10.80254794
   197     14.47518418     13.12000239
   198     10.77779858     10.03715110
   199     14.38093018     13.20078105
   200     12.14598524     11.14834371
   201     12.58094700      9.57444252
   202     11.06279408      9.07329580
   203     11.52101609      9.49767734
   204     15.03671290     13.62050723
   205     14.12655594     11.90336158
   206     15.70510799     14.30303607
   207     11.46634823      9.42626389
   208     15.50199380     13.94259332
   209     11.69393088     10.13582198
   210     13.91682612     11.68922281
   211     12.73355847     11.98614842
   212     14.71411479     13.43498940
   213     12.99368031     12.18681489
   214     12.46047214      9.50470659
   215     12.76076056     10.06287150
   216     15.04677904     12.96317321
   217     16.00602512     14.49932147
   218     15.72653392     14.21060388
   219     13.60186757     12.35482269
   220     12.11166187     11.12878499
   221     13.62550808     12.29027158
   222     11.26768852      9.07373738
   223     11.99448501     10.38600983
   224     14.56628250     12.16436136
   225     14.25388413     13.33568333
   226     11.57511048      9.60735994
   227     11.94971655     10.97533707
   228     11.42951977      9.72396960
   229     17.34185761     15.40455046
   230     11.04230546      8.58842880
   231     11.31547996     10.48753080
   232     10.79034798      8.27049655
   233     15.36733768     13.52424480
   234     10.76376969      8.75906004
   235     14.18279446     13.24983461
   236     11.30712542     10.49458263
   237     11.16051359      8.65012240
   238     13.07861918     10.40708121
   239     11.65122232      8.97504429
   240     13.64721593      9.65516200
   241     12.77025050      9.69998600
   242     11.22226883      8.70452498
   243     12.41445842     10.30905954
   244     15.67156866     14.20850579
   245     11.04932026      8.52725249
   246     11.13814524      8.66674379
   247     13.23023285     10.07175418
   248     11.03017134     10.29228620
   249     13.17245895     12.37553160
   250     12.54729780      9.68355294
   251     10.90170313     10.14371825
   252     15.12066406     13.61353612
   253     13.40621260     12.58942684
   254     12.47525866     10.12414892
   255     15.15206293     11.53988664
   256     13.54004962      9.60325859
   257     11.16144923     10.37060767
   258     11.97347319     11.04218155
   259     13.04648824      9.95830811
   260     11.75801910      9.40098184
   261     11.42137135      9.09451546
   262     12.66565113      9.74250475
   263     13.58464867     10.12763272
   264     13.06769848      9.76163377
   265     11.79354476      8.95091091
   266     15.49634889     14.05095279
   267     15.21240493     13.73391315
   268     15.43530779     14.00405961
   269     15.70993630     14.12130682
   270     13.24484981     10.17556385
   271     13.63473700     11.37373054
   272     13.27781897     12.47866738
   273     13.57618239     11.40619317
   274     15.41799354     14.05714831
   275     11.65315949     10.79543966
   276     11.09768107     10.32255836
   277     10.98940010     10.22414727
   278     11.78009986     10.82837872
   279     15.29655983     13.90453876
   280     13.13498156      9.89005395
   281     11.24812946     10.44029412
   282     11.16155272     10.36996991
   283     13.60828185     12.75458349
   284     11.26934341      8.68155985
   285     11.09595797     10.30791091
   286     10.76256737      8.37719189
   287     15.54174440     14.04462928
   288     11.79418478     10.86116901
   289     12.16277711     11.34321423
   290     13.31775808     10.17951630
   291      8.57549171      8.10060748
   292     15.10010179     13.58185589
   293     15.71501864     11.88700141
   294     10.91768561      8.42764383
   295     13.14745931     10.07515669
   296     13.34704789     11.09717071
   297     12.61440370     10.45692997
   298     13.06646893      9.96085596
   299     13.74182190     10.35252644
   300     10.80468895      8.45703165
   301     12.01629868     11.03229277
   302     13.21398078      9.85924207
   303     12.70957073      9.72263330
   304     15.99824219     14.38423427
   305     14.98310194     12.93859716
   306     13.60161781     11.13816183
   307     11.55311603      8.88895104
   308     14.88224819     13.63411907
   309     10.72718704      8.60615549
   310     13.02318294     12.19903277
   311    121.59905600     40.57526819
   312     25.73872758     21.08909478
   313     15.44292526     13.77254843
   314     12.06889740     11.07899516
   315     13.13420201      9.93516246
   316     10.96043729      8.33270184
   317     14.88117975     13.55057865
   318     16.35899561     14.68387389
   319     14.89703353     13.21343861
   320     14.48858846     13.08979904
   321     12.72714237     10.68814170
   322     19.18847725     16.74023943
   323     16.05747786     14.48247081
   324     14.62711208     13.37785955
   325     11.12295840      8.64612542
   326     14.71576878     13.45971453
   327     15.98207110     14.42481209
   328     13.81445847     12.31158631
   329     15.34551428     13.97185615
   330     14.43124190     13.23901333
   331     11.74080107     10.83523995
   332     15.24531272     13.64429886
   333     11.59476646     10.78077252
   334     15.27593160     12.44193561
   335     14.17870826     12.81002562
   336     11.07144450     10.29042508
   337     13.68138525     12.79441689
   338     11.46862800      9.42393383
   339     11.53586720      8.95418466
   340     13.10243117     10.21265877
   341     17.39712994     15.26465353
   342     15.23057820     13.85400822
   343     10.75362445      8.35518147
   344     21.52084156     18.24570986
   345     13.05345341     11.14766187
   346     11.19407129      8.60849412
   347     12.51354883     10.22252765
   348     16.10046747     14.42821208
   349     15.51846956     13.75511135
   350     13.40327216     12.55583279
   351     13.98226477     12.63378988
   352     11.32679722      9.05010480
   353     12.99871726     11.23008289
   354     13.42321378     10.69210249
   355     14.45234515     11.15047514
   356     12.75444403      9.73196958
   357     10.85510684      8.36729865
   358     11.76435485     10.82412939
   359     11.78441257     10.87121834
   360     10.95516539     10.19959748
   361     11.16317393      8.62340139
   362     13.30789708     12.50896058
   363     11.09375841     10.31918962
   364     11.04888044     10.30503282
   365     13.00753793     12.21427387
   366     14.65640004     13.43704311
   367     16.77024234     15.03754899
   368     10.91619342     10.15718110
   369     15.68612516     13.35722494
   370     17.45008971     15.72126839
   371     16.81961299     14.99861798
   372     12.99391689      9.99381223
   373     16.34366784     14.42601837
   374     11.26902714      8.62428733
   375     13.67435212     10.63152524
   376     15.95172931     14.15941737
   377     12.57042844      9.89282955
   378     10.59374901      8.27753095
   379     13.76626671     12.55533017
   380     10.94044747      8.46494942
   381     17.14090930     15.30091014
   382     14.97671610     13.54437472
   383     11.90893111     10.96917759
   384     13.19022869     10.02628255
   385     13.66180768     12.80327685
   386     16.60297931     14.83349604
   387     11.72807671      9.94257441
   388     13.66880739     12.80555094
   389     13.43909243     10.32220098
   390     13.55964277     11.32705471
   391     11.61859210     10.72730138
   392     13.21171831     12.39585345
   393     19.54212601     15.85318358
   394     14.76912570     11.21841231
   395     17.78400217     15.76760758
   396     11.55219556     10.71050768
   397     14.86517903     13.46353282
   398     13.64131132     11.18116045
   399     15.16252517     13.73344803
   400     15.99738841     14.52039772
   401     16.18570166     14.36121688
   402     16.01824809     14.51998044
   403     15.98061549     12.88494582
   404     12.51343495      9.66992559
   405     11.41770604      8.77362288
   406     16.61164649     14.95025364
   407     17.31220052     14.51011440
   408     15.47308135     11.75395399
   409     11.69057394     10.75100273
   410     15.35414751     13.80887973
   411     14.09591195     13.18092146
   412     13.16985935     12.33933475
   413     11.79478479     10.88122109
   414     11.25691001     10.41265074
   415     12.86321192     10.17570142
   416     15.64359828     14.19809451
   417     12.88790618     10.51570781
   418     12.33516462     10.05752979
   419     17.69253747     15.72175624
   420     16.65052001     13.01447923
   421     13.31731732     12.49853953
   422     12.04238695      9.81487763
   423     14.84750738     13.38178199
   424     11.12977830      8.55205748
   425     11.84252390     10.88904119
   426     15.06366252     13.52095904
   427     11.30697620      9.29464503
   428     11.25785291     10.41248734
   429     13.81882323     10.86396437
   430     16.25581073     14.67330280
   431     14.04097498     12.74732245
   432     10.54685994      8.36653273
   433     11.98981954      9.64744213
   434     13.84274076     10.74691436
   435     14.18744118     12.95633308
   436     15.02331451     11.56817280
   437     14.24003056     11.32374117
 Total  6009.1148683411 5038.7616188582
